SF:lib/src/engine/move_controller.dart
DA:6,1
DA:8,1
DA:10,1
DA:11,2
DA:12,1
DA:13,2
DA:14,1
DA:15,2
DA:16,2
DA:19,2
DA:20,1
DA:22,2
DA:23,1
DA:26,1
DA:27,2
DA:28,1
DA:31,1
DA:34,1
DA:37,1
DA:40,1
DA:42,3
DA:44,4
DA:46,2
DA:48,1
DA:53,1
DA:56,4
DA:57,4
DA:58,2
DA:59,1
DA:63,4
DA:64,4
DA:65,2
DA:66,1
DA:72,5
DA:74,5
DA:76,2
DA:77,2
DA:80,3
DA:81,1
DA:82,1
DA:85,3
DA:86,1
DA:87,1
DA:93,1
DA:107,1
DA:109,2
DA:110,5
DA:112,1
DA:114,2
DA:116,3
DA:117,1
DA:124,1
DA:127,1
DA:129,1
DA:131,1
DA:132,1
DA:133,2
DA:136,2
DA:137,2
DA:138,2
DA:140,4
DA:141,1
DA:142,2
DA:145,1
DA:146,3
DA:147,1
DA:153,1
DA:154,1
DA:161,1
DA:164,1
DA:166,1
DA:168,1
DA:170,1
DA:173,2
DA:174,2
DA:175,2
DA:177,4
DA:178,1
DA:179,2
DA:182,1
DA:183,3
DA:184,1
DA:190,1
DA:191,1
DA:198,1
DA:201,1
DA:202,1
DA:204,1
DA:205,1
DA:206,2
DA:208,1
DA:210,1
DA:213,2
DA:214,2
DA:215,2
DA:217,4
DA:218,1
DA:219,2
DA:222,1
DA:223,3
DA:224,1
DA:230,1
DA:231,1
DA:238,1
DA:241,1
DA:243,1
DA:245,1
DA:247,1
DA:248,1
DA:249,2
DA:252,1
DA:254,2
DA:255,5
DA:257,1
DA:259,2
DA:261,3
DA:262,1
DA:269,1
DA:272,1
DA:273,2
DA:274,2
DA:275,2
DA:276,2
DA:277,2
DA:278,2
DA:283,1
DA:285,1
DA:286,3
DA:290,5
DA:292,5
DA:295,1
DA:296,1
DA:298,1
DA:299,1
DA:305,1
DA:308,3
DA:309,1
DA:310,4
DA:311,1
DA:321,1
DA:323,3
DA:324,1
DA:325,1
DA:327,2
DA:328,1
DA:330,1
LF:146
LH:146
end_of_record
SF:lib/src/feature/game/models/deck.dart
DA:6,1
DA:8,0
DA:9,0
DA:10,0
DA:11,0
DA:12,0
DA:13,0
DA:14,0
DA:15,0
DA:16,0
DA:17,0
DA:20,0
DA:21,0
DA:22,0
DA:23,0
DA:24,0
DA:25,0
DA:26,0
DA:27,0
DA:28,0
DA:29,0
DA:30,0
DA:34,0
DA:35,0
DA:36,0
DA:37,0
DA:38,0
DA:39,0
DA:40,0
DA:41,0
DA:42,0
DA:43,0
DA:46,0
DA:47,0
DA:48,0
DA:49,0
DA:50,0
DA:51,0
DA:52,0
DA:53,0
DA:54,0
DA:55,0
DA:56,0
DA:60,0
DA:62,0
LF:45
LH:1
end_of_record
SF:lib/src/feature/game/models/figure.dart
DA:21,1
DA:23,0
DA:25,0
DA:28,1
DA:29,8
DA:32,1
DA:34,1
DA:35,6
DA:39,1
DA:40,5
DA:50,1
DA:52,0
DA:54,0
LF:13
LH:9
end_of_record
